---------------------------------------------------------------

[2020-04-21T08:44:13+08:00] 127.0.0.1 GET www.rha.com/mp/gongzicha/import.html
[运行时间：0.153135s] [吞吐率：6.53req/s] [内存消耗：3,388.66kb] [文件加载：97]
[ info ] [ LANG ] E:\xampp\htdocs\rhaphp\thinkphp\lang\zh-cn.php
[ info ] [ ROUTE ] array (
)
[ info ] [ HEADER ] array (
  'host' => 'www.rha.com',
  'connection' => 'keep-alive',
  'cache-control' => 'max-age=0',
  'upgrade-insecure-requests' => '1',
  'user-agent' => 'Mozilla/5.0 (Windows NT 10.0; WOW64) AppleWebKit/537.36 (KHTML, like Gecko) Chrome/78.0.3904.108 Safari/537.36',
  'accept' => 'text/html,application/xhtml+xml,application/xml;q=0.9,image/webp,image/apng,*/*;q=0.8,application/signed-exchange;v=b3',
  'referer' => 'http://www.rha.com/mp/gongzicha/index.html',
  'accept-encoding' => 'gzip, deflate',
  'accept-language' => 'zh-CN,zh;q=0.9,en;q=0.8',
  'cookie' => 'think_admin=think%3A%7B%22id%22%3A%2219%22%2C%22admin_name%22%3A%22admin%22%2C%22password%22%3A%2299467613c4cf748197365b9ef710fc2d%22%2C%22status%22%3A%221%22%2C%22ip%22%3A%22127.0.0.1%22%2C%22last_time%22%3A%221587342672%22%2C%22rand_str%22%3A%22YVkrIR%22%2C%22padmin_id%22%3A%222%22%2C%22mpid%22%3A%2214%22%2C%22createtime%22%3A%221587020126%22%7D; think_setScreen=1; PHPSESSID=7go5hmrt6rh9s8er40at26pt50',
)
[ info ] [ PARAM ] array (
)
[ info ] [ DB ] INIT mysql
[ info ] [ VIEW ] E:\xampp\htdocs\rhaphp\themes/pc/mp/gongzicha\import.html [ array (
  0 => 'mpByMenu',
  1 => 't_menu',
  2 => 'topNode',
  3 => 'menu_title',
  4 => 'node',
  5 => 'menu',
  6 => 'controller_name',
  7 => 'action_name',
  8 => 'admin',
  9 => 'mpInfo',
  10 => 'copy',
  11 => 'setScreen',
  12 => 'mpid',
) ]
[ sql ] [ DB ] CONNECT:[ UseTime:0.011320s ] mysql:host=127.0.0.1;port=3306;dbname=rhaphp;charset=utf8mb4
[ sql ] [ SQL ] SHOW COLUMNS FROM `rh_admin` [ RunTime:0.010346s ]
[ sql ] [ SQL ] SELECT `password` FROM `rh_admin` WHERE  `id` = 19 LIMIT 1 [ RunTime:0.001431s ]
[ sql ] [ SQL ] SHOW COLUMNS FROM `rh_menu` [ RunTime:0.011487s ]
[ sql ] [ SQL ] SELECT * FROM `rh_menu` WHERE  `pid` = 0 ORDER BY `sort` ASC [ RunTime:0.001031s ]
[ sql ] [ SQL ] SELECT * FROM `rh_menu` ORDER BY `sort` ASC [ RunTime:0.001259s ]
[ sql ] [ SQL ] SELECT * FROM `rh_menu` WHERE  `url` = 'mp/gongzicha/import' ORDER BY `sort` ASC LIMIT 1 [ RunTime:0.001893s ]
[ sql ] [ SQL ] SELECT * FROM `rh_menu` WHERE  `pid` = 0  AND `url` = 'mp/mp/index' ORDER BY `sort` ASC LIMIT 1 [ RunTime:0.000934s ]
[ sql ] [ SQL ] SHOW COLUMNS FROM `rh_mp` [ RunTime:0.008765s ]
[ sql ] [ SQL ] SELECT * FROM `rh_mp` WHERE  `admin_id` = 19  AND `status` = 1 [ RunTime:0.001416s ]
[ sql ] [ SQL ] SELECT * FROM `rh_mp` WHERE  `id` = 14 LIMIT 1 [ RunTime:0.000826s ]
[ sql ] [ SQL ] SELECT * FROM `rh_mp` WHERE  `id` = 14  AND `is_use` = 1 LIMIT 1 [ RunTime:0.000555s ]
---------------------------------------------------------------

[2020-04-21T08:44:14+08:00] 127.0.0.1 GET www.rha.com/mp/gongzicha/import.html
[运行时间：0.131566s] [吞吐率：7.60req/s] [内存消耗：3,238.66kb] [文件加载：95]
[ info ] [ LANG ] E:\xampp\htdocs\rhaphp\thinkphp\lang\zh-cn.php
[ info ] [ ROUTE ] array (
)
[ info ] [ HEADER ] array (
  'host' => 'www.rha.com',
  'connection' => 'keep-alive',
  'cache-control' => 'max-age=0',
  'upgrade-insecure-requests' => '1',
  'user-agent' => 'Mozilla/5.0 (Windows NT 10.0; WOW64) AppleWebKit/537.36 (KHTML, like Gecko) Chrome/78.0.3904.108 Safari/537.36',
  'accept' => 'text/html,application/xhtml+xml,application/xml;q=0.9,image/webp,image/apng,*/*;q=0.8,application/signed-exchange;v=b3',
  'referer' => 'http://www.rha.com/mp/gongzicha/index.html',
  'accept-encoding' => 'gzip, deflate',
  'accept-language' => 'zh-CN,zh;q=0.9,en;q=0.8',
  'cookie' => 'think_admin=think%3A%7B%22id%22%3A%2219%22%2C%22admin_name%22%3A%22admin%22%2C%22password%22%3A%2299467613c4cf748197365b9ef710fc2d%22%2C%22status%22%3A%221%22%2C%22ip%22%3A%22127.0.0.1%22%2C%22last_time%22%3A%221587342672%22%2C%22rand_str%22%3A%22YVkrIR%22%2C%22padmin_id%22%3A%222%22%2C%22mpid%22%3A%2214%22%2C%22createtime%22%3A%221587020126%22%7D; think_setScreen=1; PHPSESSID=7go5hmrt6rh9s8er40at26pt50',
)
[ info ] [ PARAM ] array (
)
[ info ] [ DB ] INIT mysql
[ info ] [ VIEW ] E:\xampp\htdocs\rhaphp\themes/pc/mp/gongzicha\import.html [ array (
  0 => 'mpByMenu',
  1 => 't_menu',
  2 => 'topNode',
  3 => 'menu_title',
  4 => 'node',
  5 => 'menu',
  6 => 'controller_name',
  7 => 'action_name',
  8 => 'admin',
  9 => 'mpInfo',
  10 => 'copy',
  11 => 'setScreen',
  12 => 'mpid',
) ]
[ sql ] [ DB ] CONNECT:[ UseTime:0.010799s ] mysql:host=127.0.0.1;port=3306;dbname=rhaphp;charset=utf8mb4
[ sql ] [ SQL ] SHOW COLUMNS FROM `rh_admin` [ RunTime:0.012230s ]
[ sql ] [ SQL ] SELECT `password` FROM `rh_admin` WHERE  `id` = 19 LIMIT 1 [ RunTime:0.000798s ]
[ sql ] [ SQL ] SHOW COLUMNS FROM `rh_menu` [ RunTime:0.010812s ]
[ sql ] [ SQL ] SELECT * FROM `rh_menu` WHERE  `pid` = 0 ORDER BY `sort` ASC [ RunTime:0.002607s ]
[ sql ] [ SQL ] SELECT * FROM `rh_menu` ORDER BY `sort` ASC [ RunTime:0.001773s ]
[ sql ] [ SQL ] SELECT * FROM `rh_menu` WHERE  `url` = 'mp/gongzicha/import' ORDER BY `sort` ASC LIMIT 1 [ RunTime:0.001302s ]
[ sql ] [ SQL ] SELECT * FROM `rh_menu` WHERE  `pid` = 0  AND `url` = 'mp/mp/index' ORDER BY `sort` ASC LIMIT 1 [ RunTime:0.001070s ]
[ sql ] [ SQL ] SHOW COLUMNS FROM `rh_mp` [ RunTime:0.009094s ]
[ sql ] [ SQL ] SELECT * FROM `rh_mp` WHERE  `admin_id` = 19  AND `status` = 1 [ RunTime:0.001376s ]
[ sql ] [ SQL ] SELECT * FROM `rh_mp` WHERE  `id` = 14  AND `is_use` = 1 LIMIT 1 [ RunTime:0.001761s ]
---------------------------------------------------------------

[2020-04-21T08:44:15+08:00] 127.0.0.1 GET www.rha.com/mp/gongzicha/index.html
[运行时间：0.148946s] [吞吐率：6.71req/s] [内存消耗：3,617.73kb] [文件加载：101]
[ info ] [ LANG ] E:\xampp\htdocs\rhaphp\thinkphp\lang\zh-cn.php
[ info ] [ ROUTE ] array (
)
[ info ] [ HEADER ] array (
  'host' => 'www.rha.com',
  'connection' => 'keep-alive',
  'upgrade-insecure-requests' => '1',
  'user-agent' => 'Mozilla/5.0 (Windows NT 10.0; WOW64) AppleWebKit/537.36 (KHTML, like Gecko) Chrome/78.0.3904.108 Safari/537.36',
  'accept' => 'text/html,application/xhtml+xml,application/xml;q=0.9,image/webp,image/apng,*/*;q=0.8,application/signed-exchange;v=b3',
  'referer' => 'http://www.rha.com/mp/gongzicha/import.html',
  'accept-encoding' => 'gzip, deflate',
  'accept-language' => 'zh-CN,zh;q=0.9,en;q=0.8',
  'cookie' => 'think_admin=think%3A%7B%22id%22%3A%2219%22%2C%22admin_name%22%3A%22admin%22%2C%22password%22%3A%2299467613c4cf748197365b9ef710fc2d%22%2C%22status%22%3A%221%22%2C%22ip%22%3A%22127.0.0.1%22%2C%22last_time%22%3A%221587342672%22%2C%22rand_str%22%3A%22YVkrIR%22%2C%22padmin_id%22%3A%222%22%2C%22mpid%22%3A%2214%22%2C%22createtime%22%3A%221587020126%22%7D; think_setScreen=1; PHPSESSID=7go5hmrt6rh9s8er40at26pt50',
)
[ info ] [ PARAM ] array (
)
[ info ] [ DB ] INIT mysql
[ info ] [ VIEW ] E:\xampp\htdocs\rhaphp\themes/pc/mp/gongzicha\index.html [ array (
  0 => 'mpByMenu',
  1 => 't_menu',
  2 => 'topNode',
  3 => 'menu_title',
  4 => 'node',
  5 => 'menu',
  6 => 'controller_name',
  7 => 'action_name',
  8 => 'admin',
  9 => 'mpInfo',
  10 => 'copy',
  11 => 'setScreen',
  12 => 'mpid',
  13 => 'keyword',
  14 => 'count',
  15 => 'data',
  16 => 'page',
) ]
[ sql ] [ DB ] CONNECT:[ UseTime:0.002463s ] mysql:host=127.0.0.1;port=3306;dbname=rhaphp;charset=utf8mb4
[ sql ] [ SQL ] SHOW COLUMNS FROM `rh_admin` [ RunTime:0.009900s ]
[ sql ] [ SQL ] SELECT `password` FROM `rh_admin` WHERE  `id` = 19 LIMIT 1 [ RunTime:0.000666s ]
[ sql ] [ SQL ] SHOW COLUMNS FROM `rh_menu` [ RunTime:0.008228s ]
[ sql ] [ SQL ] SELECT * FROM `rh_menu` WHERE  `pid` = 0 ORDER BY `sort` ASC [ RunTime:0.001318s ]
[ sql ] [ SQL ] SELECT * FROM `rh_menu` ORDER BY `sort` ASC [ RunTime:0.000989s ]
[ sql ] [ SQL ] SELECT * FROM `rh_menu` WHERE  `url` = 'mp/gongzicha/index' ORDER BY `sort` ASC LIMIT 1 [ RunTime:0.000931s ]
[ sql ] [ SQL ] SELECT * FROM `rh_menu` WHERE  `pid` = 0  AND `url` = 'mp/mp/index' ORDER BY `sort` ASC LIMIT 1 [ RunTime:0.000807s ]
[ sql ] [ SQL ] SHOW COLUMNS FROM `rh_mp` [ RunTime:0.009869s ]
[ sql ] [ SQL ] SELECT * FROM `rh_mp` WHERE  `admin_id` = 19  AND `status` = 1 [ RunTime:0.000693s ]
[ sql ] [ SQL ] SELECT * FROM `rh_mp` WHERE  `id` = 14  AND `is_use` = 1 LIMIT 1 [ RunTime:0.000854s ]
[ sql ] [ SQL ] SHOW COLUMNS FROM `rh_wage` [ RunTime:0.010923s ]
[ sql ] [ SQL ] SELECT COUNT(*) AS tp_count FROM `rh_wage` WHERE  ( status=1 ) [ RunTime:0.001584s ]
[ sql ] [ SQL ] SELECT * FROM `rh_wage` WHERE  ( status=1 ) ORDER BY `id` DESC LIMIT 0,10 [ RunTime:0.000843s ]
